<?xml version="1.0" encoding="UTF-8"?>
<!-- Generated by org.testng.reporters.JUnitReportReporter -->
<testsuite hostname="user-PC" name="com.testng.RedbusTest" tests="1" failures="0" timestamp="9 Feb 2017 19:37:44 GMT" time="32.706" errors="0">
  <testcase name="autoFill" time="32.706" classname="com.testng.RedbusTest"/>
</testsuite> <!-- com.testng.RedbusTest -->
