<?xml version="1.0" encoding="UTF-8"?>
<!-- Generated by org.testng.reporters.JUnitReportReporter -->
<testsuite hostname="user-PC" name="com.testng.AdminLoginTest" tests="1" failures="0" timestamp="9 Feb 2017 20:05:33 GMT" time="3.588" errors="0">
  <testcase name="appLogin" time="3.588" classname="com.testng.AdminLoginTest"/>
</testsuite> <!-- com.testng.AdminLoginTest -->
