<?xml version="1.0" encoding="UTF-8"?>
<!-- Generated by org.testng.reporters.JUnitReportReporter -->
<testsuite hostname="user-PC" name="com.testng.XpathTest" tests="1" failures="0" timestamp="9 Feb 2017 19:12:12 GMT" time="31.925" errors="0">
  <testcase name="xpath" time="31.925" classname="com.testng.XpathTest"/>
</testsuite> <!-- com.testng.XpathTest -->
