<?xml version="1.0" encoding="UTF-8"?>
<!-- Generated by org.testng.reporters.JUnitReportReporter -->
<testsuite hostname="user-PC" name="com.testng.UserRegistrationTest" tests="1" failures="0" timestamp="17 Feb 2017 19:20:21 GMT" time="0.000" errors="0">
  <testcase name="userReg" time="0.000" classname="com.testng.UserRegistrationTest"/>
</testsuite> <!-- com.testng.UserRegistrationTest -->
