<?xml version="1.0" encoding="UTF-8"?>
<!-- Generated by org.testng.reporters.JUnitReportReporter -->
<testsuite hostname="user-PC" name="com.testng.FirstTestNgTest" tests="2" failures="0" timestamp="8 Feb 2017 18:47:22 GMT" time="0.000" errors="0">
  <testcase name="yahooTest" time="0.000" classname="com.testng.FirstTestNgTest"/>
  <testcase name="firstTest" time="0.000" classname="com.testng.FirstTestNgTest"/>
</testsuite> <!-- com.testng.FirstTestNgTest -->
